-------------------------------------------------------------------------------
Test set: com.jeopardyProject.LoggerTest
-------------------------------------------------------------------------------
Tests run: 19, Failures: 0, Errors: 4, Skipped: 0, Time elapsed: 0.051 s <<< FAILURE! -- in com.jeopardyProject.LoggerTest
com.jeopardyProject.LoggerTest.testGenerateTurnReport -- Time elapsed: 0.005 s <<< ERROR!
java.lang.NullPointerException
	at com.jeopardyProject.Game.Logs.Logger.generateTurnReport(Logger.java:125)
	at com.jeopardyProject.LoggerTest.testGenerateTurnReport(LoggerTest.java:67)
	at java.lang.reflect.Method.invoke(Method.java:498)
	at java.util.ArrayList.forEach(ArrayList.java:1259)
	at java.util.ArrayList.forEach(ArrayList.java:1259)

com.jeopardyProject.LoggerTest.testGenerateReportsWithoutException -- Time elapsed: 0.007 s <<< ERROR!
java.lang.NullPointerException
	at com.jeopardyProject.Game.Logs.Logger.generateTurnReport(Logger.java:125)
	at com.jeopardyProject.LoggerTest.testGenerateReportsWithoutException(LoggerTest.java:185)
	at java.lang.reflect.Method.invoke(Method.java:498)
	at java.util.ArrayList.forEach(ArrayList.java:1259)
	at java.util.ArrayList.forEach(ArrayList.java:1259)

com.jeopardyProject.LoggerTest.testInitTurnReport -- Time elapsed: 0.001 s <<< ERROR!
java.lang.NullPointerException
	at com.jeopardyProject.Game.Logs.Logger.initTurnReport(Logger.java:68)
	at com.jeopardyProject.LoggerTest.testInitTurnReport(LoggerTest.java:62)
	at java.lang.reflect.Method.invoke(Method.java:498)
	at java.util.ArrayList.forEach(ArrayList.java:1259)
	at java.util.ArrayList.forEach(ArrayList.java:1259)

com.jeopardyProject.LoggerTest.testTurnReportFileNameExpected -- Time elapsed: 0.003 s <<< ERROR!
java.lang.NullPointerException
	at com.jeopardyProject.Game.Logs.Logger.initTurnReport(Logger.java:68)
	at com.jeopardyProject.LoggerTest.testTurnReportFileNameExpected(LoggerTest.java:81)
	at java.lang.reflect.Method.invoke(Method.java:498)
	at java.util.ArrayList.forEach(ArrayList.java:1259)
	at java.util.ArrayList.forEach(ArrayList.java:1259)

