<?xml version="1.0" encoding="UTF-8"?>
<testsuite xmlns:xsi="http://www.w3.org/2001/XMLSchema-instance" xsi:noNamespaceSchemaLocation="https://maven.apache.org/surefire/maven-surefire-plugin/xsd/surefire-test-report-3.0.xsd" version="3.0" name="com.jeopardyProject.XmlFileReaderTest" time="0.172" tests="13" errors="0" skipped="0" failures="0">
  <properties>
[...]
</properties>
  <testcase name="testCategoryCount" classname="com.jeopardyProject.XmlFileReaderTest" time="0.088"/>
  <testcase name="testValuesAreCorrect" classname="com.jeopardyProject.XmlFileReaderTest" time="0.007"/>
  <testcase name="testHasQuestionsReturnsTrue" classname="com.jeopardyProject.XmlFileReaderTest" time="0.012"/>
  <testcase name="testXmlFileReaderConstructor" classname="com.jeopardyProject.XmlFileReaderTest" time="0.001"/>
  <testcase name="testReadFile" classname="com.jeopardyProject.XmlFileReaderTest" time="0.005"/>
  <testcase name="testReadFileReturnsQuestions" classname="com.jeopardyProject.XmlFileReaderTest" time="0.005"/>
  <testcase name="testOptionsParsedCorrectly" classname="com.jeopardyProject.XmlFileReaderTest" time="0.004"/>
  <testcase name="testCategoriesVaried" classname="com.jeopardyProject.XmlFileReaderTest" time="0.003"/>
  <testcase name="testFirstQuestionParsedCorrectly" classname="com.jeopardyProject.XmlFileReaderTest" time="0.006"/>
  <testcase name="testCorrectAnswersPresent" classname="com.jeopardyProject.XmlFileReaderTest" time="0.006"/>
  <testcase name="testCreateQuestionGridWorks" classname="com.jeopardyProject.XmlFileReaderTest" time="0.008"/>
  <testcase name="testSecondQuestionData" classname="com.jeopardyProject.XmlFileReaderTest" time="0.004"/>
  <testcase name="testReadFileCorrectNumberOfQuestions" classname="com.jeopardyProject.XmlFileReaderTest" time="0.002"/>
</testsuite>